

Terminals which are not used:

   COLON
   LPAREN
   RPAREN
   PLUS
   MINUS
   MULTIPLY
   DIVIDE
   MODULO
   EQUAL
   LESS
   GREATER
   BANG
   '!'
   ORBAR
   '|'
   COMMA
   NEQUAL
   NOTGRT
   NOTLESS
   UMINUS
   ANDAND
   LEXERR



Grammar
rule 1    prog ->		/* empty */
rule 2    prog -> prog statement NEWLINE
rule 3    prog -> prog error NEWLINE
rule 4    prog -> prog NEWLINE
rule 5    statement -> LABEL
rule 6    statement -> exec
rule 7    statement -> LABEL exec
rule 8    exec -> TYPE condition ':' text
rule 9    exec -> ACCEPT condition ':' STRING_IDENT
rule 10   exec -> ACCEPT condition ':' NUMERIC_IDENT
rule 11   exec -> ACCEPT condition ':'
rule 12   exec -> MATCH condition ':' text
rule 13   exec -> JUMP condition ':' LABEL
rule 14   exec -> JUMP condition ':' NUMERIC_IDENT
rule 15   exec -> JUMP condition ':' SPECIAL
rule 16   exec -> USE condition ':' LABEL
rule 17   exec -> USE condition ':' NUMERIC_IDENT
rule 18   exec -> COMPUTE condition ':' STRING_IDENT '=' text
rule 19   exec -> COMPUTE condition ':' NUMERIC_IDENT '=' expression
rule 20   exec -> GRAPHIC condition ':' text
rule 21   exec -> KFILE condition ':' text
rule 22   exec -> REMARK condition ':' text
rule 23   exec -> END condition ':' expression
rule 24   exec -> END condition ':'
rule 25   exec -> JUMPMATCH condition ':' lablist
rule 26   exec -> TYPEH condition ':' text
rule 27   exec -> PROBLEM condition ':' text
rule 28   exec -> PAUSE condition ':' expression
rule 29   exec -> LINK condition ':' text
rule 30   exec -> CLEARHOME condition ':'
rule 31   exec -> CURSADDR condition ':' NUMBER ',' NUMBER
rule 32   exec -> CLEARLINE condition ':'
rule 33   exec -> CLEAREND condition ':'
rule 34   exec -> SYSTEM condition ':' text
rule 35   lablist -> LABEL
rule 36   lablist -> lablist ',' LABEL
rule 37   condition ->		/* empty */
rule 38   condition -> yescond
rule 39   condition -> yescond '(' rel_exp ')'
rule 40   condition -> '(' rel_exp ')'
rule 41   yescond -> YES
rule 42   yescond -> NO
rule 43   rel_exp -> NUMERIC_IDENT
rule 44   rel_exp -> expression '<' expression
rule 45   rel_exp -> expression '>' expression
rule 46   rel_exp -> expression '=' expression
rule 47   rel_exp -> expression '<' '>' expression
rule 48   rel_exp -> expression '<' '=' expression
rule 49   rel_exp -> expression '>' '=' expression
rule 50   expression -> term
rule 51   expression -> term '+' term
rule 52   expression -> term '-' term
rule 53   term -> factor
rule 54   term -> '-' factor
rule 55   term -> factor '*' factor
rule 56   term -> factor '/' factor
rule 57   term -> factor '%' factor
rule 58   factor -> '(' expression ')'
rule 59   factor -> NUMERIC_IDENT
rule 60   factor -> NUMBER
rule 61   text ->		/* empty */
rule 62   text -> text STRING
rule 63   text -> text ALLOC
rule 64   text -> text NUMBER
rule 65   text -> text CHAR
rule 66   text -> text STRING_IDENT
rule 67   text -> text NUMERIC_IDENT

Terminals, with rules where they appear

$ (-1)
NEWLINE (10) 2 3 4
'!' (33)
'%' (37) 57
'(' (40) 39 40 58
')' (41) 39 40 58
'*' (42) 55
'+' (43) 51
',' (44) 31 36
'-' (45) 52 54
'/' (47) 56
':' (58) 8 9 10 11 12 13 14 15 16 17 18 19 20 21 22 23 24 25 26 27
    28 29 30 31 32 33 34
'<' (60) 44 47 48
'=' (61) 18 19 46 48 49
'>' (62) 45 47 49
'|' (124)
error (256) 3
TYPE (258) 8
ACCEPT (259) 9 10 11
MATCH (260) 12
JUMP (261) 13 14 15
USE (262) 16 17
COMPUTE (263) 18 19
GRAPHIC (264) 20
KFILE (265) 21
REMARK (266) 22
END (267) 23 24
YES (268) 41
NO (269) 42
JUMPMATCH (270) 25
TYPEH (271) 26
PROBLEM (272) 27
PAUSE (273) 28
LINK (274) 29
CLEARHOME (275) 30
CURSADDR (276) 31
CLEARLINE (277) 32
CLEAREND (278) 33
SYSTEM (279) 34
NUMBER (280) 31 60 64
CHAR (281) 65
SPECIAL (282) 15
STRING (283) 62
ALLOC (284) 63
NUMERIC_IDENT (285) 10 14 17 19 43 59 67
STRING_IDENT (286) 9 18 66
LABEL (287) 5 7 13 16 35 36
COLON (288)
LPAREN (289)
RPAREN (290)
PLUS (291)
MINUS (292)
MULTIPLY (293)
DIVIDE (294)
MODULO (295)
EQUAL (296)
LESS (297)
GREATER (298)
BANG (299)
ORBAR (300)
COMMA (301)
NEQUAL (302)
NOTGRT (303)
NOTLESS (304)
UMINUS (305)
ANDAND (306)
LEXERR (307)

Nonterminals, with rules where they appear

prog (68)
    on left: 1 2 3 4, on right: 2 3 4
statement (69)
    on left: 5 6 7, on right: 2
exec (70)
    on left: 8 9 10 11 12 13 14 15 16 17 18 19 20 21 22 23 24 25 26
    27 28 29 30 31 32 33 34, on right: 6 7
lablist (71)
    on left: 35 36, on right: 25 36
condition (72)
    on left: 37 38 39 40, on right: 8 9 10 11 12 13 14 15 16 17 18
    19 20 21 22 23 24 25 26 27 28 29 30 31 32 33 34
yescond (73)
    on left: 41 42, on right: 38 39
rel_exp (74)
    on left: 43 44 45 46 47 48 49, on right: 39 40
expression (75)
    on left: 50 51 52, on right: 19 23 28 44 45 46 47 48 49 58
term (76)
    on left: 53 54 55 56 57, on right: 50 51 52
factor (77)
    on left: 58 59 60, on right: 53 54 55 56 57
text (78)
    on left: 61 62 63 64 65 66 67, on right: 8 12 18 20 21 22 26 27
    29 34 62 63 64 65 66 67


state 0

    $default	reduce using rule 1 (prog)

    prog	go to state 1



state 1

    prog  ->  prog . statement NEWLINE   (rule 2)
    prog  ->  prog . error NEWLINE   (rule 3)
    prog  ->  prog . NEWLINE   (rule 4)

    $   	go to state 149
    error	shift, and go to state 2
    TYPE	shift, and go to state 3
    ACCEPT	shift, and go to state 4
    MATCH	shift, and go to state 5
    JUMP	shift, and go to state 6
    USE 	shift, and go to state 7
    COMPUTE	shift, and go to state 8
    GRAPHIC	shift, and go to state 9
    KFILE	shift, and go to state 10
    REMARK	shift, and go to state 11
    END 	shift, and go to state 12
    JUMPMATCH	shift, and go to state 13
    TYPEH	shift, and go to state 14
    PROBLEM	shift, and go to state 15
    PAUSE	shift, and go to state 16
    LINK	shift, and go to state 17
    CLEARHOME	shift, and go to state 18
    CURSADDR	shift, and go to state 19
    CLEARLINE	shift, and go to state 20
    CLEAREND	shift, and go to state 21
    SYSTEM	shift, and go to state 22
    LABEL	shift, and go to state 23
    NEWLINE	shift, and go to state 24

    statement	go to state 25
    exec	go to state 26



state 2

    prog  ->  prog error . NEWLINE   (rule 3)

    NEWLINE	shift, and go to state 27



state 3

    exec  ->  TYPE . condition ':' text   (rule 8)

    YES 	shift, and go to state 28
    NO  	shift, and go to state 29
    '(' 	shift, and go to state 30

    $default	reduce using rule 37 (condition)

    condition	go to state 31
    yescond	go to state 32



state 4

    exec  ->  ACCEPT . condition ':' STRING_IDENT   (rule 9)
    exec  ->  ACCEPT . condition ':' NUMERIC_IDENT   (rule 10)
    exec  ->  ACCEPT . condition ':'   (rule 11)

    YES 	shift, and go to state 28
    NO  	shift, and go to state 29
    '(' 	shift, and go to state 30

    $default	reduce using rule 37 (condition)

    condition	go to state 33
    yescond	go to state 32



state 5

    exec  ->  MATCH . condition ':' text   (rule 12)

    YES 	shift, and go to state 28
    NO  	shift, and go to state 29
    '(' 	shift, and go to state 30

    $default	reduce using rule 37 (condition)

    condition	go to state 34
    yescond	go to state 32



state 6

    exec  ->  JUMP . condition ':' LABEL   (rule 13)
    exec  ->  JUMP . condition ':' NUMERIC_IDENT   (rule 14)
    exec  ->  JUMP . condition ':' SPECIAL   (rule 15)

    YES 	shift, and go to state 28
    NO  	shift, and go to state 29
    '(' 	shift, and go to state 30

    $default	reduce using rule 37 (condition)

    condition	go to state 35
    yescond	go to state 32



state 7

    exec  ->  USE . condition ':' LABEL   (rule 16)
    exec  ->  USE . condition ':' NUMERIC_IDENT   (rule 17)

    YES 	shift, and go to state 28
    NO  	shift, and go to state 29
    '(' 	shift, and go to state 30

    $default	reduce using rule 37 (condition)

    condition	go to state 36
    yescond	go to state 32



state 8

    exec  ->  COMPUTE . condition ':' STRING_IDENT '=' text   (rule 18)
    exec  ->  COMPUTE . condition ':' NUMERIC_IDENT '=' expression   (rule 19)

    YES 	shift, and go to state 28
    NO  	shift, and go to state 29
    '(' 	shift, and go to state 30

    $default	reduce using rule 37 (condition)

    condition	go to state 37
    yescond	go to state 32



state 9

    exec  ->  GRAPHIC . condition ':' text   (rule 20)

    YES 	shift, and go to state 28
    NO  	shift, and go to state 29
    '(' 	shift, and go to state 30

    $default	reduce using rule 37 (condition)

    condition	go to state 38
    yescond	go to state 32



state 10

    exec  ->  KFILE . condition ':' text   (rule 21)

    YES 	shift, and go to state 28
    NO  	shift, and go to state 29
    '(' 	shift, and go to state 30

    $default	reduce using rule 37 (condition)

    condition	go to state 39
    yescond	go to state 32



state 11

    exec  ->  REMARK . condition ':' text   (rule 22)

    YES 	shift, and go to state 28
    NO  	shift, and go to state 29
    '(' 	shift, and go to state 30

    $default	reduce using rule 37 (condition)

    condition	go to state 40
    yescond	go to state 32



state 12

    exec  ->  END . condition ':' expression   (rule 23)
    exec  ->  END . condition ':'   (rule 24)

    YES 	shift, and go to state 28
    NO  	shift, and go to state 29
    '(' 	shift, and go to state 30

    $default	reduce using rule 37 (condition)

    condition	go to state 41
    yescond	go to state 32



state 13

    exec  ->  JUMPMATCH . condition ':' lablist   (rule 25)

    YES 	shift, and go to state 28
    NO  	shift, and go to state 29
    '(' 	shift, and go to state 30

    $default	reduce using rule 37 (condition)

    condition	go to state 42
    yescond	go to state 32



state 14

    exec  ->  TYPEH . condition ':' text   (rule 26)

    YES 	shift, and go to state 28
    NO  	shift, and go to state 29
    '(' 	shift, and go to state 30

    $default	reduce using rule 37 (condition)

    condition	go to state 43
    yescond	go to state 32



state 15

    exec  ->  PROBLEM . condition ':' text   (rule 27)

    YES 	shift, and go to state 28
    NO  	shift, and go to state 29
    '(' 	shift, and go to state 30

    $default	reduce using rule 37 (condition)

    condition	go to state 44
    yescond	go to state 32



state 16

    exec  ->  PAUSE . condition ':' expression   (rule 28)

    YES 	shift, and go to state 28
    NO  	shift, and go to state 29
    '(' 	shift, and go to state 30

    $default	reduce using rule 37 (condition)

    condition	go to state 45
    yescond	go to state 32



state 17

    exec  ->  LINK . condition ':' text   (rule 29)

    YES 	shift, and go to state 28
    NO  	shift, and go to state 29
    '(' 	shift, and go to state 30

    $default	reduce using rule 37 (condition)

    condition	go to state 46
    yescond	go to state 32



state 18

    exec  ->  CLEARHOME . condition ':'   (rule 30)

    YES 	shift, and go to state 28
    NO  	shift, and go to state 29
    '(' 	shift, and go to state 30

    $default	reduce using rule 37 (condition)

    condition	go to state 47
    yescond	go to state 32



state 19

    exec  ->  CURSADDR . condition ':' NUMBER ',' NUMBER   (rule 31)

    YES 	shift, and go to state 28
    NO  	shift, and go to state 29
    '(' 	shift, and go to state 30

    $default	reduce using rule 37 (condition)

    condition	go to state 48
    yescond	go to state 32



state 20

    exec  ->  CLEARLINE . condition ':'   (rule 32)

    YES 	shift, and go to state 28
    NO  	shift, and go to state 29
    '(' 	shift, and go to state 30

    $default	reduce using rule 37 (condition)

    condition	go to state 49
    yescond	go to state 32



state 21

    exec  ->  CLEAREND . condition ':'   (rule 33)

    YES 	shift, and go to state 28
    NO  	shift, and go to state 29
    '(' 	shift, and go to state 30

    $default	reduce using rule 37 (condition)

    condition	go to state 50
    yescond	go to state 32



state 22

    exec  ->  SYSTEM . condition ':' text   (rule 34)

    YES 	shift, and go to state 28
    NO  	shift, and go to state 29
    '(' 	shift, and go to state 30

    $default	reduce using rule 37 (condition)

    condition	go to state 51
    yescond	go to state 32



state 23

    statement  ->  LABEL .   (rule 5)
    statement  ->  LABEL . exec   (rule 7)

    TYPE	shift, and go to state 3
    ACCEPT	shift, and go to state 4
    MATCH	shift, and go to state 5
    JUMP	shift, and go to state 6
    USE 	shift, and go to state 7
    COMPUTE	shift, and go to state 8
    GRAPHIC	shift, and go to state 9
    KFILE	shift, and go to state 10
    REMARK	shift, and go to state 11
    END 	shift, and go to state 12
    JUMPMATCH	shift, and go to state 13
    TYPEH	shift, and go to state 14
    PROBLEM	shift, and go to state 15
    PAUSE	shift, and go to state 16
    LINK	shift, and go to state 17
    CLEARHOME	shift, and go to state 18
    CURSADDR	shift, and go to state 19
    CLEARLINE	shift, and go to state 20
    CLEAREND	shift, and go to state 21
    SYSTEM	shift, and go to state 22

    $default	reduce using rule 5 (statement)

    exec	go to state 52



state 24

    prog  ->  prog NEWLINE .   (rule 4)

    $default	reduce using rule 4 (prog)



state 25

    prog  ->  prog statement . NEWLINE   (rule 2)

    NEWLINE	shift, and go to state 53



state 26

    statement  ->  exec .   (rule 6)

    $default	reduce using rule 6 (statement)



state 27

    prog  ->  prog error NEWLINE .   (rule 3)

    $default	reduce using rule 3 (prog)



state 28

    yescond  ->  YES .   (rule 41)

    $default	reduce using rule 41 (yescond)



state 29

    yescond  ->  NO .   (rule 42)

    $default	reduce using rule 42 (yescond)



state 30

    condition  ->  '(' . rel_exp ')'   (rule 40)

    NUMBER	shift, and go to state 54
    NUMERIC_IDENT	shift, and go to state 55
    '(' 	shift, and go to state 56
    '-' 	shift, and go to state 57

    rel_exp	go to state 58
    expression	go to state 59
    term	go to state 60
    factor	go to state 61



state 31

    exec  ->  TYPE condition . ':' text   (rule 8)

    ':' 	shift, and go to state 62



state 32

    condition  ->  yescond .   (rule 38)
    condition  ->  yescond . '(' rel_exp ')'   (rule 39)

    '(' 	shift, and go to state 63

    $default	reduce using rule 38 (condition)



state 33

    exec  ->  ACCEPT condition . ':' STRING_IDENT   (rule 9)
    exec  ->  ACCEPT condition . ':' NUMERIC_IDENT   (rule 10)
    exec  ->  ACCEPT condition . ':'   (rule 11)

    ':' 	shift, and go to state 64



state 34

    exec  ->  MATCH condition . ':' text   (rule 12)

    ':' 	shift, and go to state 65



state 35

    exec  ->  JUMP condition . ':' LABEL   (rule 13)
    exec  ->  JUMP condition . ':' NUMERIC_IDENT   (rule 14)
    exec  ->  JUMP condition . ':' SPECIAL   (rule 15)

    ':' 	shift, and go to state 66



state 36

    exec  ->  USE condition . ':' LABEL   (rule 16)
    exec  ->  USE condition . ':' NUMERIC_IDENT   (rule 17)

    ':' 	shift, and go to state 67



state 37

    exec  ->  COMPUTE condition . ':' STRING_IDENT '=' text   (rule 18)
    exec  ->  COMPUTE condition . ':' NUMERIC_IDENT '=' expression   (rule 19)

    ':' 	shift, and go to state 68



state 38

    exec  ->  GRAPHIC condition . ':' text   (rule 20)

    ':' 	shift, and go to state 69



state 39

    exec  ->  KFILE condition . ':' text   (rule 21)

    ':' 	shift, and go to state 70



state 40

    exec  ->  REMARK condition . ':' text   (rule 22)

    ':' 	shift, and go to state 71



state 41

    exec  ->  END condition . ':' expression   (rule 23)
    exec  ->  END condition . ':'   (rule 24)

    ':' 	shift, and go to state 72



state 42

    exec  ->  JUMPMATCH condition . ':' lablist   (rule 25)

    ':' 	shift, and go to state 73



state 43

    exec  ->  TYPEH condition . ':' text   (rule 26)

    ':' 	shift, and go to state 74



state 44

    exec  ->  PROBLEM condition . ':' text   (rule 27)

    ':' 	shift, and go to state 75



state 45

    exec  ->  PAUSE condition . ':' expression   (rule 28)

    ':' 	shift, and go to state 76



state 46

    exec  ->  LINK condition . ':' text   (rule 29)

    ':' 	shift, and go to state 77



state 47

    exec  ->  CLEARHOME condition . ':'   (rule 30)

    ':' 	shift, and go to state 78



state 48

    exec  ->  CURSADDR condition . ':' NUMBER ',' NUMBER   (rule 31)

    ':' 	shift, and go to state 79



state 49

    exec  ->  CLEARLINE condition . ':'   (rule 32)

    ':' 	shift, and go to state 80



state 50

    exec  ->  CLEAREND condition . ':'   (rule 33)

    ':' 	shift, and go to state 81



state 51

    exec  ->  SYSTEM condition . ':' text   (rule 34)

    ':' 	shift, and go to state 82



state 52

    statement  ->  LABEL exec .   (rule 7)

    $default	reduce using rule 7 (statement)



state 53

    prog  ->  prog statement NEWLINE .   (rule 2)

    $default	reduce using rule 2 (prog)



state 54

    factor  ->  NUMBER .   (rule 60)

    $default	reduce using rule 60 (factor)



state 55

    rel_exp  ->  NUMERIC_IDENT .   (rule 43)
    factor  ->  NUMERIC_IDENT .   (rule 59)

    ')' 	reduce using rule 43 (rel_exp)
    $default	reduce using rule 59 (factor)



state 56

    factor  ->  '(' . expression ')'   (rule 58)

    NUMBER	shift, and go to state 54
    NUMERIC_IDENT	shift, and go to state 83
    '(' 	shift, and go to state 56
    '-' 	shift, and go to state 57

    expression	go to state 84
    term	go to state 60
    factor	go to state 61



state 57

    term  ->  '-' . factor   (rule 54)

    NUMBER	shift, and go to state 54
    NUMERIC_IDENT	shift, and go to state 83
    '(' 	shift, and go to state 56

    factor	go to state 85



state 58

    condition  ->  '(' rel_exp . ')'   (rule 40)

    ')' 	shift, and go to state 86



state 59

    rel_exp  ->  expression . '<' expression   (rule 44)
    rel_exp  ->  expression . '>' expression   (rule 45)
    rel_exp  ->  expression . '=' expression   (rule 46)
    rel_exp  ->  expression . '<' '>' expression   (rule 47)
    rel_exp  ->  expression . '<' '=' expression   (rule 48)
    rel_exp  ->  expression . '>' '=' expression   (rule 49)

    '=' 	shift, and go to state 87
    '<' 	shift, and go to state 88
    '>' 	shift, and go to state 89



state 60

    expression  ->  term .   (rule 50)
    expression  ->  term . '+' term   (rule 51)
    expression  ->  term . '-' term   (rule 52)

    '+' 	shift, and go to state 90
    '-' 	shift, and go to state 91

    $default	reduce using rule 50 (expression)



state 61

    term  ->  factor .   (rule 53)
    term  ->  factor . '*' factor   (rule 55)
    term  ->  factor . '/' factor   (rule 56)
    term  ->  factor . '%' factor   (rule 57)

    '*' 	shift, and go to state 92
    '/' 	shift, and go to state 93
    '%' 	shift, and go to state 94

    $default	reduce using rule 53 (term)



state 62

    exec  ->  TYPE condition ':' . text   (rule 8)

    $default	reduce using rule 61 (text)

    text	go to state 95



state 63

    condition  ->  yescond '(' . rel_exp ')'   (rule 39)

    NUMBER	shift, and go to state 54
    NUMERIC_IDENT	shift, and go to state 55
    '(' 	shift, and go to state 56
    '-' 	shift, and go to state 57

    rel_exp	go to state 96
    expression	go to state 59
    term	go to state 60
    factor	go to state 61



state 64

    exec  ->  ACCEPT condition ':' . STRING_IDENT   (rule 9)
    exec  ->  ACCEPT condition ':' . NUMERIC_IDENT   (rule 10)
    exec  ->  ACCEPT condition ':' .   (rule 11)

    NUMERIC_IDENT	shift, and go to state 97
    STRING_IDENT	shift, and go to state 98

    $default	reduce using rule 11 (exec)



state 65

    exec  ->  MATCH condition ':' . text   (rule 12)

    $default	reduce using rule 61 (text)

    text	go to state 99



state 66

    exec  ->  JUMP condition ':' . LABEL   (rule 13)
    exec  ->  JUMP condition ':' . NUMERIC_IDENT   (rule 14)
    exec  ->  JUMP condition ':' . SPECIAL   (rule 15)

    SPECIAL	shift, and go to state 100
    NUMERIC_IDENT	shift, and go to state 101
    LABEL	shift, and go to state 102



state 67

    exec  ->  USE condition ':' . LABEL   (rule 16)
    exec  ->  USE condition ':' . NUMERIC_IDENT   (rule 17)

    NUMERIC_IDENT	shift, and go to state 103
    LABEL	shift, and go to state 104



state 68

    exec  ->  COMPUTE condition ':' . STRING_IDENT '=' text   (rule 18)
    exec  ->  COMPUTE condition ':' . NUMERIC_IDENT '=' expression   (rule 19)

    NUMERIC_IDENT	shift, and go to state 105
    STRING_IDENT	shift, and go to state 106



state 69

    exec  ->  GRAPHIC condition ':' . text   (rule 20)

    $default	reduce using rule 61 (text)

    text	go to state 107



state 70

    exec  ->  KFILE condition ':' . text   (rule 21)

    $default	reduce using rule 61 (text)

    text	go to state 108



state 71

    exec  ->  REMARK condition ':' . text   (rule 22)

    $default	reduce using rule 61 (text)

    text	go to state 109



state 72

    exec  ->  END condition ':' . expression   (rule 23)
    exec  ->  END condition ':' .   (rule 24)

    NUMBER	shift, and go to state 54
    NUMERIC_IDENT	shift, and go to state 83
    '(' 	shift, and go to state 56
    '-' 	shift, and go to state 57

    $default	reduce using rule 24 (exec)

    expression	go to state 110
    term	go to state 60
    factor	go to state 61



state 73

    exec  ->  JUMPMATCH condition ':' . lablist   (rule 25)

    LABEL	shift, and go to state 111

    lablist	go to state 112



state 74

    exec  ->  TYPEH condition ':' . text   (rule 26)

    $default	reduce using rule 61 (text)

    text	go to state 113



state 75

    exec  ->  PROBLEM condition ':' . text   (rule 27)

    $default	reduce using rule 61 (text)

    text	go to state 114



state 76

    exec  ->  PAUSE condition ':' . expression   (rule 28)

    NUMBER	shift, and go to state 54
    NUMERIC_IDENT	shift, and go to state 83
    '(' 	shift, and go to state 56
    '-' 	shift, and go to state 57

    expression	go to state 115
    term	go to state 60
    factor	go to state 61



state 77

    exec  ->  LINK condition ':' . text   (rule 29)

    $default	reduce using rule 61 (text)

    text	go to state 116



state 78

    exec  ->  CLEARHOME condition ':' .   (rule 30)

    $default	reduce using rule 30 (exec)



state 79

    exec  ->  CURSADDR condition ':' . NUMBER ',' NUMBER   (rule 31)

    NUMBER	shift, and go to state 117



state 80

    exec  ->  CLEARLINE condition ':' .   (rule 32)

    $default	reduce using rule 32 (exec)



state 81

    exec  ->  CLEAREND condition ':' .   (rule 33)

    $default	reduce using rule 33 (exec)



state 82

    exec  ->  SYSTEM condition ':' . text   (rule 34)

    $default	reduce using rule 61 (text)

    text	go to state 118



state 83

    factor  ->  NUMERIC_IDENT .   (rule 59)

    $default	reduce using rule 59 (factor)



state 84

    factor  ->  '(' expression . ')'   (rule 58)

    ')' 	shift, and go to state 119



state 85

    term  ->  '-' factor .   (rule 54)

    $default	reduce using rule 54 (term)



state 86

    condition  ->  '(' rel_exp ')' .   (rule 40)

    $default	reduce using rule 40 (condition)



state 87

    rel_exp  ->  expression '=' . expression   (rule 46)

    NUMBER	shift, and go to state 54
    NUMERIC_IDENT	shift, and go to state 83
    '(' 	shift, and go to state 56
    '-' 	shift, and go to state 57

    expression	go to state 120
    term	go to state 60
    factor	go to state 61



state 88

    rel_exp  ->  expression '<' . expression   (rule 44)
    rel_exp  ->  expression '<' . '>' expression   (rule 47)
    rel_exp  ->  expression '<' . '=' expression   (rule 48)

    NUMBER	shift, and go to state 54
    NUMERIC_IDENT	shift, and go to state 83
    '(' 	shift, and go to state 56
    '-' 	shift, and go to state 57
    '=' 	shift, and go to state 121
    '>' 	shift, and go to state 122

    expression	go to state 123
    term	go to state 60
    factor	go to state 61



state 89

    rel_exp  ->  expression '>' . expression   (rule 45)
    rel_exp  ->  expression '>' . '=' expression   (rule 49)

    NUMBER	shift, and go to state 54
    NUMERIC_IDENT	shift, and go to state 83
    '(' 	shift, and go to state 56
    '-' 	shift, and go to state 57
    '=' 	shift, and go to state 124

    expression	go to state 125
    term	go to state 60
    factor	go to state 61



state 90

    expression  ->  term '+' . term   (rule 51)

    NUMBER	shift, and go to state 54
    NUMERIC_IDENT	shift, and go to state 83
    '(' 	shift, and go to state 56
    '-' 	shift, and go to state 57

    term	go to state 126
    factor	go to state 61



state 91

    expression  ->  term '-' . term   (rule 52)

    NUMBER	shift, and go to state 54
    NUMERIC_IDENT	shift, and go to state 83
    '(' 	shift, and go to state 56
    '-' 	shift, and go to state 57

    term	go to state 127
    factor	go to state 61



state 92

    term  ->  factor '*' . factor   (rule 55)

    NUMBER	shift, and go to state 54
    NUMERIC_IDENT	shift, and go to state 83
    '(' 	shift, and go to state 56

    factor	go to state 128



state 93

    term  ->  factor '/' . factor   (rule 56)

    NUMBER	shift, and go to state 54
    NUMERIC_IDENT	shift, and go to state 83
    '(' 	shift, and go to state 56

    factor	go to state 129



state 94

    term  ->  factor '%' . factor   (rule 57)

    NUMBER	shift, and go to state 54
    NUMERIC_IDENT	shift, and go to state 83
    '(' 	shift, and go to state 56

    factor	go to state 130



state 95

    exec  ->  TYPE condition ':' text .   (rule 8)
    text  ->  text . STRING   (rule 62)
    text  ->  text . ALLOC   (rule 63)
    text  ->  text . NUMBER   (rule 64)
    text  ->  text . CHAR   (rule 65)
    text  ->  text . STRING_IDENT   (rule 66)
    text  ->  text . NUMERIC_IDENT   (rule 67)

    NUMBER	shift, and go to state 131
    CHAR	shift, and go to state 132
    STRING	shift, and go to state 133
    ALLOC	shift, and go to state 134
    NUMERIC_IDENT	shift, and go to state 135
    STRING_IDENT	shift, and go to state 136

    $default	reduce using rule 8 (exec)



state 96

    condition  ->  yescond '(' rel_exp . ')'   (rule 39)

    ')' 	shift, and go to state 137



state 97

    exec  ->  ACCEPT condition ':' NUMERIC_IDENT .   (rule 10)

    $default	reduce using rule 10 (exec)



state 98

    exec  ->  ACCEPT condition ':' STRING_IDENT .   (rule 9)

    $default	reduce using rule 9 (exec)



state 99

    exec  ->  MATCH condition ':' text .   (rule 12)
    text  ->  text . STRING   (rule 62)
    text  ->  text . ALLOC   (rule 63)
    text  ->  text . NUMBER   (rule 64)
    text  ->  text . CHAR   (rule 65)
    text  ->  text . STRING_IDENT   (rule 66)
    text  ->  text . NUMERIC_IDENT   (rule 67)

    NUMBER	shift, and go to state 131
    CHAR	shift, and go to state 132
    STRING	shift, and go to state 133
    ALLOC	shift, and go to state 134
    NUMERIC_IDENT	shift, and go to state 135
    STRING_IDENT	shift, and go to state 136

    $default	reduce using rule 12 (exec)



state 100

    exec  ->  JUMP condition ':' SPECIAL .   (rule 15)

    $default	reduce using rule 15 (exec)



state 101

    exec  ->  JUMP condition ':' NUMERIC_IDENT .   (rule 14)

    $default	reduce using rule 14 (exec)



state 102

    exec  ->  JUMP condition ':' LABEL .   (rule 13)

    $default	reduce using rule 13 (exec)



state 103

    exec  ->  USE condition ':' NUMERIC_IDENT .   (rule 17)

    $default	reduce using rule 17 (exec)



state 104

    exec  ->  USE condition ':' LABEL .   (rule 16)

    $default	reduce using rule 16 (exec)



state 105

    exec  ->  COMPUTE condition ':' NUMERIC_IDENT . '=' expression   (rule 19)

    '=' 	shift, and go to state 138



state 106

    exec  ->  COMPUTE condition ':' STRING_IDENT . '=' text   (rule 18)

    '=' 	shift, and go to state 139



state 107

    exec  ->  GRAPHIC condition ':' text .   (rule 20)
    text  ->  text . STRING   (rule 62)
    text  ->  text . ALLOC   (rule 63)
    text  ->  text . NUMBER   (rule 64)
    text  ->  text . CHAR   (rule 65)
    text  ->  text . STRING_IDENT   (rule 66)
    text  ->  text . NUMERIC_IDENT   (rule 67)

    NUMBER	shift, and go to state 131
    CHAR	shift, and go to state 132
    STRING	shift, and go to state 133
    ALLOC	shift, and go to state 134
    NUMERIC_IDENT	shift, and go to state 135
    STRING_IDENT	shift, and go to state 136

    $default	reduce using rule 20 (exec)



state 108

    exec  ->  KFILE condition ':' text .   (rule 21)
    text  ->  text . STRING   (rule 62)
    text  ->  text . ALLOC   (rule 63)
    text  ->  text . NUMBER   (rule 64)
    text  ->  text . CHAR   (rule 65)
    text  ->  text . STRING_IDENT   (rule 66)
    text  ->  text . NUMERIC_IDENT   (rule 67)

    NUMBER	shift, and go to state 131
    CHAR	shift, and go to state 132
    STRING	shift, and go to state 133
    ALLOC	shift, and go to state 134
    NUMERIC_IDENT	shift, and go to state 135
    STRING_IDENT	shift, and go to state 136

    $default	reduce using rule 21 (exec)



state 109

    exec  ->  REMARK condition ':' text .   (rule 22)
    text  ->  text . STRING   (rule 62)
    text  ->  text . ALLOC   (rule 63)
    text  ->  text . NUMBER   (rule 64)
    text  ->  text . CHAR   (rule 65)
    text  ->  text . STRING_IDENT   (rule 66)
    text  ->  text . NUMERIC_IDENT   (rule 67)

    NUMBER	shift, and go to state 131
    CHAR	shift, and go to state 132
    STRING	shift, and go to state 133
    ALLOC	shift, and go to state 134
    NUMERIC_IDENT	shift, and go to state 135
    STRING_IDENT	shift, and go to state 136

    $default	reduce using rule 22 (exec)



state 110

    exec  ->  END condition ':' expression .   (rule 23)

    $default	reduce using rule 23 (exec)



state 111

    lablist  ->  LABEL .   (rule 35)

    $default	reduce using rule 35 (lablist)



state 112

    exec  ->  JUMPMATCH condition ':' lablist .   (rule 25)
    lablist  ->  lablist . ',' LABEL   (rule 36)

    ',' 	shift, and go to state 140

    $default	reduce using rule 25 (exec)



state 113

    exec  ->  TYPEH condition ':' text .   (rule 26)
    text  ->  text . STRING   (rule 62)
    text  ->  text . ALLOC   (rule 63)
    text  ->  text . NUMBER   (rule 64)
    text  ->  text . CHAR   (rule 65)
    text  ->  text . STRING_IDENT   (rule 66)
    text  ->  text . NUMERIC_IDENT   (rule 67)

    NUMBER	shift, and go to state 131
    CHAR	shift, and go to state 132
    STRING	shift, and go to state 133
    ALLOC	shift, and go to state 134
    NUMERIC_IDENT	shift, and go to state 135
    STRING_IDENT	shift, and go to state 136

    $default	reduce using rule 26 (exec)



state 114

    exec  ->  PROBLEM condition ':' text .   (rule 27)
    text  ->  text . STRING   (rule 62)
    text  ->  text . ALLOC   (rule 63)
    text  ->  text . NUMBER   (rule 64)
    text  ->  text . CHAR   (rule 65)
    text  ->  text . STRING_IDENT   (rule 66)
    text  ->  text . NUMERIC_IDENT   (rule 67)

    NUMBER	shift, and go to state 131
    CHAR	shift, and go to state 132
    STRING	shift, and go to state 133
    ALLOC	shift, and go to state 134
    NUMERIC_IDENT	shift, and go to state 135
    STRING_IDENT	shift, and go to state 136

    $default	reduce using rule 27 (exec)



state 115

    exec  ->  PAUSE condition ':' expression .   (rule 28)

    $default	reduce using rule 28 (exec)



state 116

    exec  ->  LINK condition ':' text .   (rule 29)
    text  ->  text . STRING   (rule 62)
    text  ->  text . ALLOC   (rule 63)
    text  ->  text . NUMBER   (rule 64)
    text  ->  text . CHAR   (rule 65)
    text  ->  text . STRING_IDENT   (rule 66)
    text  ->  text . NUMERIC_IDENT   (rule 67)

    NUMBER	shift, and go to state 131
    CHAR	shift, and go to state 132
    STRING	shift, and go to state 133
    ALLOC	shift, and go to state 134
    NUMERIC_IDENT	shift, and go to state 135
    STRING_IDENT	shift, and go to state 136

    $default	reduce using rule 29 (exec)



state 117

    exec  ->  CURSADDR condition ':' NUMBER . ',' NUMBER   (rule 31)

    ',' 	shift, and go to state 141



state 118

    exec  ->  SYSTEM condition ':' text .   (rule 34)
    text  ->  text . STRING   (rule 62)
    text  ->  text . ALLOC   (rule 63)
    text  ->  text . NUMBER   (rule 64)
    text  ->  text . CHAR   (rule 65)
    text  ->  text . STRING_IDENT   (rule 66)
    text  ->  text . NUMERIC_IDENT   (rule 67)

    NUMBER	shift, and go to state 131
    CHAR	shift, and go to state 132
    STRING	shift, and go to state 133
    ALLOC	shift, and go to state 134
    NUMERIC_IDENT	shift, and go to state 135
    STRING_IDENT	shift, and go to state 136

    $default	reduce using rule 34 (exec)



state 119

    factor  ->  '(' expression ')' .   (rule 58)

    $default	reduce using rule 58 (factor)



state 120

    rel_exp  ->  expression '=' expression .   (rule 46)

    $default	reduce using rule 46 (rel_exp)



state 121

    rel_exp  ->  expression '<' '=' . expression   (rule 48)

    NUMBER	shift, and go to state 54
    NUMERIC_IDENT	shift, and go to state 83
    '(' 	shift, and go to state 56
    '-' 	shift, and go to state 57

    expression	go to state 142
    term	go to state 60
    factor	go to state 61



state 122

    rel_exp  ->  expression '<' '>' . expression   (rule 47)

    NUMBER	shift, and go to state 54
    NUMERIC_IDENT	shift, and go to state 83
    '(' 	shift, and go to state 56
    '-' 	shift, and go to state 57

    expression	go to state 143
    term	go to state 60
    factor	go to state 61



state 123

    rel_exp  ->  expression '<' expression .   (rule 44)

    $default	reduce using rule 44 (rel_exp)



state 124

    rel_exp  ->  expression '>' '=' . expression   (rule 49)

    NUMBER	shift, and go to state 54
    NUMERIC_IDENT	shift, and go to state 83
    '(' 	shift, and go to state 56
    '-' 	shift, and go to state 57

    expression	go to state 144
    term	go to state 60
    factor	go to state 61



state 125

    rel_exp  ->  expression '>' expression .   (rule 45)

    $default	reduce using rule 45 (rel_exp)



state 126

    expression  ->  term '+' term .   (rule 51)

    $default	reduce using rule 51 (expression)



state 127

    expression  ->  term '-' term .   (rule 52)

    $default	reduce using rule 52 (expression)



state 128

    term  ->  factor '*' factor .   (rule 55)

    $default	reduce using rule 55 (term)



state 129

    term  ->  factor '/' factor .   (rule 56)

    $default	reduce using rule 56 (term)



state 130

    term  ->  factor '%' factor .   (rule 57)

    $default	reduce using rule 57 (term)



state 131

    text  ->  text NUMBER .   (rule 64)

    $default	reduce using rule 64 (text)



state 132

    text  ->  text CHAR .   (rule 65)

    $default	reduce using rule 65 (text)



state 133

    text  ->  text STRING .   (rule 62)

    $default	reduce using rule 62 (text)



state 134

    text  ->  text ALLOC .   (rule 63)

    $default	reduce using rule 63 (text)



state 135

    text  ->  text NUMERIC_IDENT .   (rule 67)

    $default	reduce using rule 67 (text)



state 136

    text  ->  text STRING_IDENT .   (rule 66)

    $default	reduce using rule 66 (text)



state 137

    condition  ->  yescond '(' rel_exp ')' .   (rule 39)

    $default	reduce using rule 39 (condition)



state 138

    exec  ->  COMPUTE condition ':' NUMERIC_IDENT '=' . expression   (rule 19)

    NUMBER	shift, and go to state 54
    NUMERIC_IDENT	shift, and go to state 83
    '(' 	shift, and go to state 56
    '-' 	shift, and go to state 57

    expression	go to state 145
    term	go to state 60
    factor	go to state 61



state 139

    exec  ->  COMPUTE condition ':' STRING_IDENT '=' . text   (rule 18)

    $default	reduce using rule 61 (text)

    text	go to state 146



state 140

    lablist  ->  lablist ',' . LABEL   (rule 36)

    LABEL	shift, and go to state 147



state 141

    exec  ->  CURSADDR condition ':' NUMBER ',' . NUMBER   (rule 31)

    NUMBER	shift, and go to state 148



state 142

    rel_exp  ->  expression '<' '=' expression .   (rule 48)

    $default	reduce using rule 48 (rel_exp)



state 143

    rel_exp  ->  expression '<' '>' expression .   (rule 47)

    $default	reduce using rule 47 (rel_exp)



state 144

    rel_exp  ->  expression '>' '=' expression .   (rule 49)

    $default	reduce using rule 49 (rel_exp)



state 145

    exec  ->  COMPUTE condition ':' NUMERIC_IDENT '=' expression .   (rule 19)

    $default	reduce using rule 19 (exec)



state 146

    exec  ->  COMPUTE condition ':' STRING_IDENT '=' text .   (rule 18)
    text  ->  text . STRING   (rule 62)
    text  ->  text . ALLOC   (rule 63)
    text  ->  text . NUMBER   (rule 64)
    text  ->  text . CHAR   (rule 65)
    text  ->  text . STRING_IDENT   (rule 66)
    text  ->  text . NUMERIC_IDENT   (rule 67)

    NUMBER	shift, and go to state 131
    CHAR	shift, and go to state 132
    STRING	shift, and go to state 133
    ALLOC	shift, and go to state 134
    NUMERIC_IDENT	shift, and go to state 135
    STRING_IDENT	shift, and go to state 136

    $default	reduce using rule 18 (exec)



state 147

    lablist  ->  lablist ',' LABEL .   (rule 36)

    $default	reduce using rule 36 (lablist)



state 148

    exec  ->  CURSADDR condition ':' NUMBER ',' NUMBER .   (rule 31)

    $default	reduce using rule 31 (exec)



state 149

    $   	go to state 150



state 150

    $default	accept
